Determining if the pthread_create exist failed with the following output:
Change Dir: /home/amazing/submarine/workspace/planning_ws/build/CMakeFiles/CMakeTmp

Run Build Command:"/usr/bin/make" "cmTC_a2c66/fast"
make[1]: 进入目录“/home/amazing/submarine/workspace/planning_ws/build/CMakeFiles/CMakeTmp”
/usr/bin/make -f CMakeFiles/cmTC_a2c66.dir/build.make CMakeFiles/cmTC_a2c66.dir/build
make[2]: 进入目录“/home/amazing/submarine/workspace/planning_ws/build/CMakeFiles/CMakeTmp”
Building C object CMakeFiles/cmTC_a2c66.dir/CheckSymbolExists.c.o
/usr/bin/cc    -o CMakeFiles/cmTC_a2c66.dir/CheckSymbolExists.c.o   -c /home/amazing/submarine/workspace/planning_ws/build/CMakeFiles/CMakeTmp/CheckSymbolExists.c
Linking C executable cmTC_a2c66
/usr/bin/cmake -E cmake_link_script CMakeFiles/cmTC_a2c66.dir/link.txt --verbose=1
/usr/bin/cc      -rdynamic CMakeFiles/cmTC_a2c66.dir/CheckSymbolExists.c.o  -o cmTC_a2c66 
CMakeFiles/cmTC_a2c66.dir/CheckSymbolExists.c.o：在函数‘main’中：
CheckSymbolExists.c:(.text+0x14)：对‘pthread_create’未定义的引用
CheckSymbolExists.c:(.text+0x18)：对‘pthread_create’未定义的引用
collect2: error: ld returned 1 exit status
CMakeFiles/cmTC_a2c66.dir/build.make:97: recipe for target 'cmTC_a2c66' failed
make[2]: *** [cmTC_a2c66] Error 1
make[2]: 离开目录“/home/amazing/submarine/workspace/planning_ws/build/CMakeFiles/CMakeTmp”
Makefile:126: recipe for target 'cmTC_a2c66/fast' failed
make[1]: *** [cmTC_a2c66/fast] Error 2
make[1]: 离开目录“/home/amazing/submarine/workspace/planning_ws/build/CMakeFiles/CMakeTmp”

File /home/amazing/submarine/workspace/planning_ws/build/CMakeFiles/CMakeTmp/CheckSymbolExists.c:
/* */
#include <pthread.h>

int main(int argc, char** argv)
{
  (void)argv;
#ifndef pthread_create
  return ((int*)(&pthread_create))[argc];
#else
  (void)argc;
  return 0;
#endif
}

Determining if the function pthread_create exists in the pthreads failed with the following output:
Change Dir: /home/amazing/submarine/workspace/planning_ws/build/CMakeFiles/CMakeTmp

Run Build Command:"/usr/bin/make" "cmTC_6d2a4/fast"
make[1]: 进入目录“/home/amazing/submarine/workspace/planning_ws/build/CMakeFiles/CMakeTmp”
/usr/bin/make -f CMakeFiles/cmTC_6d2a4.dir/build.make CMakeFiles/cmTC_6d2a4.dir/build
make[2]: 进入目录“/home/amazing/submarine/workspace/planning_ws/build/CMakeFiles/CMakeTmp”
Building C object CMakeFiles/cmTC_6d2a4.dir/CheckFunctionExists.c.o
/usr/bin/cc   -DCHECK_FUNCTION_EXISTS=pthread_create   -o CMakeFiles/cmTC_6d2a4.dir/CheckFunctionExists.c.o   -c /usr/share/cmake-3.10/Modules/CheckFunctionExists.c
Linking C executable cmTC_6d2a4
/usr/bin/cmake -E cmake_link_script CMakeFiles/cmTC_6d2a4.dir/link.txt --verbose=1
/usr/bin/cc  -DCHECK_FUNCTION_EXISTS=pthread_create    -rdynamic CMakeFiles/cmTC_6d2a4.dir/CheckFunctionExists.c.o  -o cmTC_6d2a4 -lpthreads 
/usr/bin/ld: 找不到 -lpthreads
collect2: error: ld returned 1 exit status
CMakeFiles/cmTC_6d2a4.dir/build.make:97: recipe for target 'cmTC_6d2a4' failed
make[2]: *** [cmTC_6d2a4] Error 1
make[2]: 离开目录“/home/amazing/submarine/workspace/planning_ws/build/CMakeFiles/CMakeTmp”
Makefile:126: recipe for target 'cmTC_6d2a4/fast' failed
make[1]: *** [cmTC_6d2a4/fast] Error 2
make[1]: 离开目录“/home/amazing/submarine/workspace/planning_ws/build/CMakeFiles/CMakeTmp”


